<?xml version="1.0" encoding="UTF-8"?>
<!-- Generated by org.testng.reporters.JUnitXMLReporter -->
<testsuite ignored="0" hostname="DESKTOP-NINQTEC" failures="1" tests="9" name="Testng" time="63.818" errors="0" timestamp="2021-06-11T06:37:01 EDT">
  <testcase classname="testlayer.LoginTest" name="ClickLinked" time="0.148">
    <failure type="java.lang.AssertionError" message="The following asserts failed:
	expected [https://www.linkedin.com/signup/cold-join?session_redirect=https%3A%2F%2Fwww%2Elinkedin%2Ecom%2Fgroups%3Fhome%3D%26gid%3D891077&amp;amp;trk=login_reg_redirect] but found [about:blank]">
      <![CDATA[java.lang.AssertionError: The following asserts failed:
expected [https://www.linkedin.com/signup/cold-join?session_redirect=https%3A%2F%2Fwww%2Elinkedin%2Ecom%2Fgroups%3Fhome%3D%26gid%3D891077&trk=login_reg_redirect] but found [about:blank]
at testlayer.LoginTest.ClickLinked(LoginTest.java:72)
at java.base/java.util.ArrayList.forEach(ArrayList.java:1511)
... Removed 29 stack frames]]>
    </failure>
  </testcase> <!-- ClickLinked -->
  <testcase classname="testlayer.LoginTest" name="Clickforgotpassword" time="0.398"/>
  <testcase classname="testlayer.LoginTest" name="Login" time="5.056"/>
  <testcase classname="testlayer.LoginTest" name="Login" time="5.076"/>
  <testcase classname="testlayer.LoginTest" name="Login" time="5.064"/>
  <testcase classname="testlayer.LoginTest" name="Title" time="0.004"/>
  <testcase classname="testlayer.LoginTest" name="clickfacebook" time="5.268"/>
  <testcase classname="testlayer.LoginTest" name="clicktwitter" time="0.243"/>
  <testcase classname="testlayer.LoginTest" name="clickyoutube" time="0.235"/>
</testsuite> <!-- Testng -->
